0 silly argv {
0 silly argv   _: [ 'publish' ],
0 silly argv   registry: 'https://registry.nomjs.org',
0 silly argv   composed: 'publish',
0 silly argv   lernaVersion: '4.0.0',
0 silly argv   '$0': 'lerna'
0 silly argv }
1 notice cli v4.0.0
2 verbose rootPath /Applications/MAMP/htdocs/lagou/serve/zxelement
3 verbose session 70d9f2edbeb20c60
4 verbose user-agent lerna/4.0.0/node@v14.17.1+x64 (darwin)
5 silly argv {
5 silly argv   _: [ 'publish' ],
5 silly argv   registry: 'https://registry.nomjs.org',
5 silly argv   composed: 'publish',
5 silly argv   lernaVersion: '4.0.0'
5 silly argv }
6 verbose rootPath /Applications/MAMP/htdocs/lagou/serve/zxelement
7 info current version 0.0.6
8 silly isAnythingCommitted
9 verbose isAnythingCommitted 1
10 silly getCurrentBranch
11 verbose currentBranch main
12 silly remoteBranchExists
13 silly isBehindUpstream
14 silly isBehindUpstream main is behind origin/main by 0 commit(s) and ahead by 0
15 silly hasTags
16 verbose hasTags true
17 silly git-describe.sync "v0.0.6-1-g704a65d" => {"lastTagName":"v0.0.6","lastVersion":"v0.0.6","refCount":"1","sha":"704a65d","isDirty":false}
18 info Looking for changed packages since v0.0.6
19 silly checking diff packages/button
20 silly found diff in packages/button/package.json
21 verbose filtered diff [ 'packages/button/package.json' ]
22 silly checking diff packages/form
23 silly found diff in packages/form/package.json
24 verbose filtered diff [ 'packages/form/package.json' ]
25 silly checking diff packages/formitem
26 silly found diff in packages/formitem/package.json
27 verbose filtered diff [ 'packages/formitem/package.json' ]
28 silly checking diff packages/input
29 silly found diff in packages/input/package.json
30 verbose filtered diff [ 'packages/input/package.json' ]
31 verbose updated zx-button
32 verbose updated zx-form
33 verbose updated zx-form-item
34 verbose updated zx-input
35 verbose git-describe undefined => "v0.0.6-1-g704a65d"
36 silly git-describe parsed => {"lastTagName":"v0.0.6","lastVersion":"v0.0.6","refCount":"1","sha":"704a65d","isDirty":false}
37 info execute Skipping releases
38 silly lifecycle No script for "preversion" in "zxelement", continuing
39 silly lifecycle No script for "preversion" in "zx-button", continuing
40 silly lifecycle No script for "preversion" in "zx-form", continuing
41 silly lifecycle No script for "preversion" in "zx-form-item", continuing
42 silly lifecycle No script for "preversion" in "zx-input", continuing
43 silly lifecycle No script for "version" in "zx-button", continuing
44 silly lifecycle No script for "version" in "zx-form-item", continuing
45 silly lifecycle No script for "version" in "zx-form", continuing
46 silly lifecycle No script for "version" in "zx-input", continuing
47 silly lifecycle No script for "version" in "zxelement", continuing
48 silly gitAdd [
48 silly gitAdd   'packages/button/package.json',
48 silly gitAdd   'packages/formitem/package.json',
48 silly gitAdd   'packages/form/package.json',
48 silly gitAdd   'packages/input/package.json',
48 silly gitAdd   'lerna.json'
48 silly gitAdd ]
49 silly gitCommit v0.0.7
50 verbose git [ 'commit', '-m', 'v0.0.7' ]
51 silly gitTag v0.0.7
52 verbose git [ 'tag', 'v0.0.7', '-m', 'v0.0.7' ]
53 silly lifecycle No script for "postversion" in "zx-button", continuing
54 silly lifecycle No script for "postversion" in "zx-form", continuing
55 silly lifecycle No script for "postversion" in "zx-form-item", continuing
56 silly lifecycle No script for "postversion" in "zx-input", continuing
57 silly lifecycle No script for "postversion" in "zxelement", continuing
58 info git Pushing tags...
59 silly gitPush origin main
60 info publish Publishing packages to npm...
61 notice Skipping all user and access validation due to third-party registry
62 notice Make sure you're authenticated properly ¯\_(ツ)_/¯
63 silly getCurrentSHA
64 verbose getCurrentSHA 21649d2a8f653ae0df14d4029cee5abe53696a6d
65 silly lifecycle No script for "prepublish" in "zxelement", continuing
66 silly lifecycle No script for "prepare" in "zxelement", continuing
67 silly lifecycle No script for "prepublishOnly" in "zxelement", continuing
68 silly lifecycle No script for "prepack" in "zxelement", continuing
69 verbose pack-directory packages/button
70 verbose pack-directory packages/form
71 verbose pack-directory packages/formitem
72 verbose pack-directory packages/input
73 silly lifecycle No script for "prepublish" in "zx-button", continuing
74 silly lifecycle No script for "prepublish" in "zx-form", continuing
75 silly lifecycle No script for "prepublish" in "zx-form-item", continuing
76 silly lifecycle No script for "prepublish" in "zx-input", continuing
77 silly lifecycle No script for "prepare" in "zx-button", continuing
78 silly lifecycle No script for "prepare" in "zx-form", continuing
79 silly lifecycle No script for "prepare" in "zx-form-item", continuing
80 silly lifecycle No script for "prepare" in "zx-input", continuing
81 silly lifecycle No script for "prepublishOnly" in "zx-button", continuing
82 silly lifecycle No script for "prepublishOnly" in "zx-form", continuing
83 silly lifecycle No script for "prepublishOnly" in "zx-input", continuing
84 silly lifecycle No script for "prepublishOnly" in "zx-form-item", continuing
85 silly lifecycle No script for "prepack" in "zx-button", continuing
86 silly lifecycle No script for "prepack" in "zx-form", continuing
87 silly lifecycle No script for "prepack" in "zx-input", continuing
88 silly lifecycle No script for "prepack" in "zx-form-item", continuing
89 silly lifecycle No script for "postpack" in "zx-button", continuing
90 verbose packed packages/button
91 silly lifecycle No script for "postpack" in "zx-form", continuing
92 verbose packed packages/form
93 silly lifecycle No script for "postpack" in "zx-input", continuing
94 verbose packed packages/input
95 silly lifecycle No script for "postpack" in "zx-form-item", continuing
96 verbose packed packages/formitem
97 silly lifecycle No script for "postpack" in "zxelement", continuing
98 verbose publish zx-button
99 verbose publish zx-form
100 verbose publish zx-form-item
101 verbose publish zx-input
102 silly FetchError: request to https://registry.nomjs.org/zx-form-item failed, reason: getaddrinfo ENOTFOUND registry.nomjs.org
102 silly     at ClientRequest.<anonymous> (/Users/lvhuan/.config/yarn/global/node_modules/minipass-fetch/lib/index.js:110:14)
102 silly     at ClientRequest.emit (events.js:375:28)
102 silly     at TLSSocket.socketErrorListener (_http_client.js:475:9)
102 silly     at TLSSocket.emit (events.js:387:35)
102 silly     at emitErrorNT (internal/streams/destroy.js:106:8)
102 silly     at emitErrorCloseNT (internal/streams/destroy.js:74:3)
102 silly     at processTicksAndRejections (internal/process/task_queues.js:82:21)
102 silly  FetchError: request to https://registry.nomjs.org/zx-form-item failed, reason: getaddrinfo ENOTFOUND registry.nomjs.org
102 silly     at ClientRequest.<anonymous> (/Users/lvhuan/.config/yarn/global/node_modules/minipass-fetch/lib/index.js:110:14)
102 silly     at ClientRequest.emit (events.js:375:28)
102 silly     at TLSSocket.socketErrorListener (_http_client.js:475:9)
102 silly     at TLSSocket.emit (events.js:387:35)
102 silly     at emitErrorNT (internal/streams/destroy.js:106:8)
102 silly     at emitErrorCloseNT (internal/streams/destroy.js:74:3)
102 silly     at processTicksAndRejections (internal/process/task_queues.js:82:21) {
102 silly   code: 'ENOTFOUND',
102 silly   errno: 'ENOTFOUND',
102 silly   syscall: 'getaddrinfo',
102 silly   hostname: 'registry.nomjs.org',
102 silly   type: 'system'
102 silly }
103 error ENOTFOUND request to https://registry.nomjs.org/zx-form-item failed, reason: getaddrinfo ENOTFOUND registry.nomjs.org
104 error FetchError: request to https://registry.nomjs.org/zx-form-item failed, reason: getaddrinfo ENOTFOUND registry.nomjs.org
104 error     at ClientRequest.<anonymous> (/Users/lvhuan/.config/yarn/global/node_modules/minipass-fetch/lib/index.js:110:14)
104 error     at ClientRequest.emit (events.js:375:28)
104 error     at TLSSocket.socketErrorListener (_http_client.js:475:9)
104 error     at TLSSocket.emit (events.js:387:35)
104 error     at emitErrorNT (internal/streams/destroy.js:106:8)
104 error     at emitErrorCloseNT (internal/streams/destroy.js:74:3)
